Change Component Designator: Old Designator=C50 New Designator=C?
Change Component Designator: Old Designator=C51 New Designator=C?
Change Component Designator: Old Designator=C58 New Designator=C?
Change Component Designator: Old Designator=C59 New Designator=C?
Change Component Designator: Old Designator=C60 New Designator=C?
Change Component Designator: Old Designator=C61 New Designator=C?
Change Component Designator: Old Designator=C62 New Designator=C?
Change Component Designator: Old Designator=C79 New Designator=C?
Change Component Designator: Old Designator=C80 New Designator=C?
Change Component Designator: Old Designator=C81 New Designator=C?
Change Component Designator: Old Designator=C82 New Designator=C?
Change Component Designator: Old Designator=C83 New Designator=C?
Change Component Designator: Old Designator=C84 New Designator=C?
Change Component Designator: Old Designator=C85 New Designator=C?
Change Component Designator: Old Designator=C86 New Designator=C?
Change Component Designator: Old Designator=C87 New Designator=C?
Change Component Designator: Old Designator=C88 New Designator=C?
Change Component Designator: Old Designator=C99 New Designator=C?
Change Component Designator: Old Designator=FB5 New Designator=FB?
Change Component Designator: Old Designator=FB6 New Designator=FB?
Change Component Designator: Old Designator=J9 New Designator=J?
Change Component Designator: Old Designator=R42 New Designator=R?
Change Component Designator: Old Designator=R44 New Designator=R?
Change Component Designator: Old Designator=R56 New Designator=R?
Change Component Designator: Old Designator=R58 New Designator=R?
Change Component Designator: Old Designator=R66 New Designator=R?
Change Component Designator: Old Designator=R67 New Designator=R?
Change Component Designator: Old Designator=R72 New Designator=R?
Change Component Designator: Old Designator=TP38 New Designator=TP?
Change Component Designator: Old Designator=TP39 New Designator=TP?
Change Component Designator: Old Designator=TP40 New Designator=TP?
Change Component Designator: Old Designator=U13 New Designator=U?
Change Component Designator: Old Designator=U14 New Designator=U?
Change Component Designator: Old Designator=Y1 New Designator=Y?
