Removed Pin From Net: NetName=PGA_CSn_1 Pin=JM2-35
Removed Pin From Net: NetName=ATTEN_1 Pin=JM2-37
Removed Pin From Net: NetName=DC_CPL_1 Pin=JM2-41
Removed Pin From Net: NetName=TERM_1 Pin=JM2-43
Removed Pin From Net: NetName=PGA_CSn_2 Pin=JM2-45
Removed Pin From Net: NetName=ATTEN_2 Pin=JM2-47
Removed Pin From Net: NetName=DC_CPL_2 Pin=JM2-51
Removed Pin From Net: NetName=TERM_2 Pin=JM2-53
Removed Pin From Net: NetName=PGA_CSn_3 Pin=JM2-55
Removed Pin From Net: NetName=ATTEN_3 Pin=JM2-57
Removed Pin From Net: NetName=DC_CPL_3 Pin=JM2-61
Removed Pin From Net: NetName=PGA_CSn_4 Pin=JM2-62
Removed Pin From Net: NetName=TERM_3 Pin=JM2-63
Removed Pin From Net: NetName=ATTEN_4 Pin=JM2-64
Removed Pin From Net: NetName=DC_CPL_4 Pin=JM2-66
Removed Pin From Net: NetName=TERM_4 Pin=JM2-68
Added Pin To Net: NetName=TERM_1 Pin=JM2-35
Added Pin To Net: NetName=DC_CPL_1 Pin=JM2-37
Added Pin To Net: NetName=ATTEN_1 Pin=JM2-41
Added Pin To Net: NetName=PGA_CSn_1 Pin=JM2-43
Added Pin To Net: NetName=TERM_2 Pin=JM2-45
Added Pin To Net: NetName=DC_CPL_2 Pin=JM2-47
Added Pin To Net: NetName=ATTEN_2 Pin=JM2-51
Added Pin To Net: NetName=PGA_CSn_2 Pin=JM2-53
Added Pin To Net: NetName=TERM_3 Pin=JM2-55
Added Pin To Net: NetName=DC_CPL_3 Pin=JM2-57
Added Pin To Net: NetName=ATTEN_3 Pin=JM2-61
Added Pin To Net: NetName=TERM_4 Pin=JM2-62
Added Pin To Net: NetName=PGA_CSn_3 Pin=JM2-63
Added Pin To Net: NetName=DC_CPL_4 Pin=JM2-64
Added Pin To Net: NetName=ATTEN_4 Pin=JM2-66
Added Pin To Net: NetName=PGA_CSn_4 Pin=JM2-68
