Removed Pin From Net: NetName=GND Pin=GDT1A-2
Removed Pin From Net: NetName=GND Pin=GDT1B-2
Removed Pin From Net: NetName=GND Pin=GDT1C-2
Removed Pin From Net: NetName=GND Pin=GDT1D-2
Added Component: Designator=VAR1A(GEN_VAR_1210)
Add component (AddParameter): Name = "Supplier 1"; Value = "Digi-Key"; VariantName = "[No Variations]"
Add component (AddParameter): Name = "Supplier Part Number 1"; Value = "F3831CT-ND"; VariantName = "[No Variations]"
Added Component: Designator=VAR1B(GEN_VAR_1210)
Add component (AddParameter): Name = "Supplier 1"; Value = "Digi-Key"; VariantName = "[No Variations]"
Add component (AddParameter): Name = "Supplier Part Number 1"; Value = "F3831CT-ND"; VariantName = "[No Variations]"
Added Component: Designator=VAR1C(GEN_VAR_1210)
Add component (AddParameter): Name = "Supplier 1"; Value = "Digi-Key"; VariantName = "[No Variations]"
Add component (AddParameter): Name = "Supplier Part Number 1"; Value = "F3831CT-ND"; VariantName = "[No Variations]"
Added Component: Designator=VAR1D(GEN_VAR_1210)
Add component (AddParameter): Name = "Supplier 1"; Value = "Digi-Key"; VariantName = "[No Variations]"
Add component (AddParameter): Name = "Supplier Part Number 1"; Value = "F3831CT-ND"; VariantName = "[No Variations]"
Added Pin To Net: NetName=GND Pin=VAR1A-1
Added Pin To Net: NetName=GND Pin=VAR1B-1
Added Pin To Net: NetName=GND Pin=VAR1C-1
Added Pin To Net: NetName=GND Pin=VAR1D-1
Added Pin To Net: NetName=NetGDT1A_2 Pin=GDT1A-2
Added Pin To Net: NetName=NetGDT1A_2 Pin=VAR1A-2
Added Net: Name=NetGDT1A_2
Added Pin To Net: NetName=NetGDT1B_2 Pin=GDT1B-2
Added Pin To Net: NetName=NetGDT1B_2 Pin=VAR1B-2
Added Net: Name=NetGDT1B_2
Added Pin To Net: NetName=NetGDT1C_2 Pin=GDT1C-2
Added Pin To Net: NetName=NetGDT1C_2 Pin=VAR1C-2
Added Net: Name=NetGDT1C_2
Added Pin To Net: NetName=NetGDT1D_2 Pin=GDT1D-2
Added Pin To Net: NetName=NetGDT1D_2 Pin=VAR1D-2
Added Net: Name=NetGDT1D_2
Added Member To Class: ClassName=CH1 Member=Component VAR1A (VAR1) V120MLA1210NH
Added Member To Class: ClassName=CH2 Member=Component VAR1B (VAR1) V120MLA1210NH
Added Member To Class: ClassName=CH3 Member=Component VAR1C (VAR1) V120MLA1210NH
Added Member To Class: ClassName=CH4 Member=Component VAR1D (VAR1) V120MLA1210NH
