Removed Pin From Net: NetName=PROBE_COMP Pin=JM2-43
Removed Pin From Net: NetName=PGA_CSn_3 Pin=JM2-53
Removed Pin From Net: NetName=ATTEN_3 Pin=JM2-55
Removed Pin From Net: NetName=DC_CPL_3 Pin=JM2-57
Removed Pin From Net: NetName=PGA_CSn_4 Pin=JM2-61
Removed Pin From Net: NetName=TERM_1 Pin=JM2-62
Removed Pin From Net: NetName=ATTEN_4 Pin=JM2-63
Removed Pin From Net: NetName=TERM_2 Pin=JM2-64
Removed Pin From Net: NetName=DC_CPL_4 Pin=JM2-65
Removed Pin From Net: NetName=TERM_3 Pin=JM2-66
Added Pin To Net: NetName=TERM_1 Pin=JM2-43
Added Pin To Net: NetName=TERM_2 Pin=JM2-53
Added Pin To Net: NetName=PGA_CSn_3 Pin=JM2-55
Added Pin To Net: NetName=ATTEN_3 Pin=JM2-57
Added Pin To Net: NetName=DC_CPL_3 Pin=JM2-61
Added Pin To Net: NetName=PGA_CSn_4 Pin=JM2-62
Added Pin To Net: NetName=TERM_3 Pin=JM2-63
Added Pin To Net: NetName=ATTEN_4 Pin=JM2-64
Added Pin To Net: NetName=PROBE_COMP Pin=JM2-65
Added Pin To Net: NetName=DC_CPL_4 Pin=JM2-66
